[0m22:13:47.405904 [debug] [MainThread]: Sending event: {'category': 'dbt', 'action': 'invocation', 'label': 'start', 'context': [<snowplow_tracker.self_describing_json.SelfDescribingJson object at 0x000002B3C37A9BE0>, <snowplow_tracker.self_describing_json.SelfDescribingJson object at 0x000002B3BF2E2AD0>, <snowplow_tracker.self_describing_json.SelfDescribingJson object at 0x000002B3C5977D90>]}


============================== 22:13:47.418324 | 3208853a-7278-4d0e-b782-aff05719688e ==============================
[0m22:13:47.418324 [info ] [MainThread]: Running with dbt=1.11.11
[0m22:13:47.419429 [debug] [MainThread]: running dbt with arguments {'version_check': 'True', 'no_print': 'None', 'static_parser': 'True', 'target_path': 'None', 'warn_error_options': 'WarnErrorOptionsV2(error=[], warn=[], silence=[])', 'printer_width': '80', 'write_json': 'True', 'introspect': 'True', 'log_cache_events': 'False', 'empty': 'None', 'cache_selected_only': 'False', 'log_format': 'default', 'debug': 'False', 'fail_fast': 'False', 'profiles_dir': 'C:\\Users\\Admin\\.dbt', 'send_anonymous_usage_stats': 'True', 'quiet': 'False', 'warn_error': 'None', 'partial_parse': 'True', 'use_colors': 'True', 'indirect_selection': 'eager', 'invocation_command': 'dbt init', 'use_experimental_parser': 'False', 'log_path': 'logs'}
[0m22:13:47.523279 [info ] [MainThread]: Creating dbt configuration folder at C:\Users\Admin\.dbt
[0m22:14:11.809687 [debug] [MainThread]: Starter project path: C:\Users\Admin\Desktop\Dummy Json Project\venv\Lib\site-packages\dbt\include\starter_project
[0m22:14:12.750764 [info ] [MainThread]: 
Your new dbt project "dbt_eccomerce" was created!

For more information on how to configure the profiles.yml file,
please consult the dbt documentation here:

  https://docs.getdbt.com/docs/configure-your-profile

One more thing:

Need help? Don't hesitate to reach out to us via GitHub issues or on Slack:

  https://community.getdbt.com/

Happy modeling!

[0m22:14:12.752121 [info ] [MainThread]: Setting up your profile.
[0m22:17:18.437192 [error] [MainThread]: Encountered an error:

[0m22:17:18.484743 [error] [MainThread]: Traceback (most recent call last):
  File "C:\Users\Admin\Desktop\Dummy Json Project\venv\Lib\site-packages\dbt\cli\requires.py", line 182, in wrapper
    result, success = func(*args, **kwargs)
                      ~~~~^^^^^^^^^^^^^^^^^
  File "C:\Users\Admin\Desktop\Dummy Json Project\venv\Lib\site-packages\dbt\cli\requires.py", line 128, in wrapper
    return func(*args, **kwargs)
  File "C:\Users\Admin\Desktop\Dummy Json Project\venv\Lib\site-packages\dbt\cli\main.py", line 488, in init
    results = task.run()
  File "C:\Users\Admin\Desktop\Dummy Json Project\venv\Lib\site-packages\dbt\task\init.py", line 346, in run
    self.setup_profile(profile_name)
    ~~~~~~~~~~~~~~~~~~^^^^^^^^^^^^^^
  File "C:\Users\Admin\Desktop\Dummy Json Project\venv\Lib\site-packages\dbt\task\init.py", line 262, in setup_profile
    self.create_profile_from_target(adapter, profile_name=profile_name)
    ~~~~~~~~~~~~~~~~~~~~~~~~~~~~~~~^^^^^^^^^^^^^^^^^^^^^^^^^^^^^^^^^^^^
  File "C:\Users\Admin\Desktop\Dummy Json Project\venv\Lib\site-packages\dbt\task\init.py", line 179, in create_profile_from_target
    self.create_profile_from_profile_template(profile_template, profile_name)
    ~~~~~~~~~~~~~~~~~~~~~~~~~~~~~~~~~~~~~~~~~^^^^^^^^^^^^^^^^^^^^^^^^^^^^^^^^
  File "C:\Users\Admin\Desktop\Dummy Json Project\venv\Lib\site-packages\dbt\task\init.py", line 163, in create_profile_from_profile_template
    target = self.generate_target_from_input(prompts, initial_target)
  File "C:\Users\Admin\Desktop\Dummy Json Project\venv\Lib\site-packages\dbt\task\init.py", line 129, in generate_target_from_input
    target[key] = click.prompt(
                  ~~~~~~~~~~~~^
        text, default=default, hide_input=hide_input, type=type
        ^^^^^^^^^^^^^^^^^^^^^^^^^^^^^^^^^^^^^^^^^^^^^^^^^^^^^^^
    )
    ^
  File "C:\Users\Admin\Desktop\Dummy Json Project\venv\Lib\site-packages\click\termui.py", line 218, in prompt
    value = prompt_func(prompt)
  File "C:\Users\Admin\Desktop\Dummy Json Project\venv\Lib\site-packages\click\termui.py", line 201, in prompt_func
    raise Abort() from None
click.exceptions.Abort

[0m22:17:18.492285 [debug] [MainThread]: Command `dbt init` failed at 22:17:18.492071 after 211.26 seconds
[0m22:17:18.492853 [debug] [MainThread]: Sending event: {'category': 'dbt', 'action': 'invocation', 'label': 'end', 'context': [<snowplow_tracker.self_describing_json.SelfDescribingJson object at 0x000002B3C5A3E780>, <snowplow_tracker.self_describing_json.SelfDescribingJson object at 0x000002B3C5A968D0>, <snowplow_tracker.self_describing_json.SelfDescribingJson object at 0x000002B3C5A1B020>]}
[0m22:17:18.493512 [debug] [MainThread]: Flushing usage events
[0m22:17:20.293299 [debug] [MainThread]: An error was encountered while trying to flush usage events
